<testsuites>
  <testsuite failures="0"
             errors="0"
             skipped="1"
             tests="8"
             date="2017-11-18-23-13"
             name="summary_junit_xml">
    <testcase name="1 - ./infodup 1"></testcase>
    <testcase name="2 - ./infodel 1"></testcase>
    <testcase name="3 - ./infovallen 1"></testcase>
    <testcase name="4 - ./infoorder 1"></testcase>
    <testcase name="5 - ./infomany 1"></testcase>
    <testcase name="6 - ./infomany2 1"></testcase>
    <testcase name="7 - ./infotest 1"></testcase>
    <testcase name="8 - ./infoget 1"></testcase>
    <testcase name="9 - ./infoenv 1">
      <skipped type="TodoTestSkipped">
             message="requires MPI version 3.0"><![CDATA[ok 9 - ./infoenv 1  # SKIP requires MPI version 3.0]]></skipped>
    </testcase>
    <system-out></system-out>
    <system-err></system-err>
  </testsuite>
</testsuites>
