<testsuites>
  <testsuite failures="0"
             errors="0"
             skipped="0"
             tests="23"
             date="2017-11-18-21-10"
             name="summary_junit_xml">
    <testcase name="1 - ./attrt 2"></testcase>
    <testcase name="2 - ./attric 4"></testcase>
    <testcase name="3 - ./attrerr 1"></testcase>
    <testcase name="4 - ./attrend 1"></testcase>
    <testcase name="5 - ./attrend 4"></testcase>
    <testcase name="6 - ./attrend2 1"></testcase>
    <testcase name="7 - ./attrend2 5"></testcase>
    <testcase name="8 - ./attrerrcomm 1"></testcase>
    <testcase name="9 - ./attrerrtype 1"></testcase>
    <testcase name="10 - ./attrdeleteget 1"></testcase>
    <testcase name="11 - ./attr2type 1"></testcase>
    <testcase name="12 - ./attrorder 1"></testcase>
    <testcase name="13 - ./attrordercomm 1"></testcase>
    <testcase name="14 - ./attrordertype 1"></testcase>
    <testcase name="15 - ./baseattr2 1"></testcase>
    <testcase name="16 - ./baseattrcomm 1"></testcase>
    <testcase name="17 - ./fkeyval 1"></testcase>
    <testcase name="18 - ./fkeyvalcomm 1"></testcase>
    <testcase name="19 - ./fkeyvaltype 1"></testcase>
    <testcase name="20 - ./keyval_double_free 1"></testcase>
    <testcase name="21 - ./keyval_double_free_comm 1"></testcase>
    <testcase name="22 - ./keyval_double_free_type 1"></testcase>
    <testcase name="23 - ./keyval_double_free_win 1"></testcase>
    <system-out></system-out>
    <system-err></system-err>
  </testsuite>
</testsuites>
