<testsuites>
  <testsuite failures="0"
             errors="0"
             skipped="6"
             tests="4"
             date="2017-11-18-23-16"
             name="summary_junit_xml">
    <testcase name="1 - ./transp-datatype 2">
      <skipped type="TodoTestSkipped">
             message="xfail tests disabled"><![CDATA[ok 1 - ./transp-datatype 2  # SKIP xfail tests disabled]]></skipped>
    </testcase>
    <testcase name="1 - ./sendrecvl 2"></testcase>
    <testcase name="3 - ./twovec 1">
      <skipped type="TodoTestSkipped">
             message="xfail tests disabled"><![CDATA[ok 3 - ./twovec 1  # SKIP xfail tests disabled]]></skipped>
    </testcase>
    <testcase name="4 - ./dtpack 1">
      <skipped type="TodoTestSkipped">
             message="xfail tests disabled"><![CDATA[ok 4 - ./dtpack 1  # SKIP xfail tests disabled]]></skipped>
    </testcase>
    <testcase name="5 - ./nestvec 1">
      <skipped type="TodoTestSkipped">
             message="xfail tests disabled"><![CDATA[ok 5 - ./nestvec 1  # SKIP xfail tests disabled]]></skipped>
    </testcase>
    <testcase name="6 - ./nestvec2 1">
      <skipped type="TodoTestSkipped">
             message="xfail tests disabled"><![CDATA[ok 6 - ./nestvec2 1  # SKIP xfail tests disabled]]></skipped>
    </testcase>
    <testcase name="7 - ./indexperf 1">
      <skipped type="TodoTestSkipped">
             message="xfail tests disabled"><![CDATA[ok 7 - ./indexperf 1  # SKIP xfail tests disabled]]></skipped>
    </testcase>
    <testcase name="2 - ./non_zero_root 4"></testcase>
    <testcase name="3 - ./timer 1"></testcase>
    <testcase name="4 - ./commcreatep 16"></testcase>
    <system-out></system-out>
    <system-err></system-err>
  </testsuite>
</testsuites>
